{"timestamp":"2025-12-26T06:34:08.490Z","direction":"OUT","topic":"agv/v2/ZENIXROBOTICS/0000/connection","payload":{"connectionState":"ONLINE","headerId":0,"manufacturer":"ZenixRobotics","serialNumber":"0000","timestamp":"2025-12-26T06:34:08.490Z","version":"2.1.0"}}
{"timestamp":"2025-12-26T06:34:08.491Z","direction":"OUT","topic":"agv/v2/ZENIXROBOTICS/0000/state","payload":{"actionStates":[],"agvPosition":{"deviationRange":0.0,"localizationScore":0.95,"mapDescription":"","mapId":"default_map","positionInitialized":true,"theta":1.5707963267948966,"x":396.0,"y":451.0},"batteryState":{"batteryCharge":99.99999,"batteryHealth":100.0,"batteryVoltage":0.0,"charging":false,"reach":0.0},"distanceSinceLastNode":0.0,"driving":false,"edgeStates":[],"errors":[],"headerId":0,"information":[],"lastNodeId":"","lastNodeSequenceId":0,"loads":[],"manufacturer":"ZenixRobotics","newBaseRequest":false,"nodeStates":[],"operatingMode":"AUTOMATIC","orderId":"","orderUpdateId":0,"paused":false,"safetyState":{"eStop":"NONE","fieldViolation":false},"serialNumber":"0000","timestamp":"2025-12-26T06:34:08.491Z","velocity":{"omega":0.0,"vx":0.0,"vy":0.0},"version":"2.1.0"}}
{"timestamp":"2025-12-26T06:34:08.491Z","direction":"OUT","topic":"agv/v2/ZENIXROBOTICS/0000/visualization","payload":{"agvPosition":{"deviationRange":0.0,"localizationScore":0.95,"mapDescription":"","mapId":"default_map","positionInitialized":true,"theta":1.5707963267948966,"x":396.0,"y":451.0},"headerId":0,"manufacturer":"ZenixRobotics","serialNumber":"0000","timestamp":"2025-12-26T06:34:08.491Z","velocity":{"omega":0.0,"vx":0.0,"vy":0.0},"version":"2.1.0"}}
{"timestamp":"2025-12-26T06:34:08.984Z","direction":"OUT","topic":"agv/v2/ZENIXROBOTICS/0000/visualization","payload":{"agvPosition":{"deviationRange":0.0,"localizationScore":0.95,"mapDescription":"","mapId":"default_map","positionInitialized":true,"theta":1.5707963267948966,"x":396.0,"y":451.0},"headerId":1,"manufacturer":"ZenixRobotics","serialNumber":"0000","timestamp":"2025-12-26T06:34:08.984Z","velocity":{"omega":0.0,"vx":0.0,"vy":0.0},"version":"2.1.0"}}
{"timestamp":"2025-12-26T06:34:09.488Z","direction":"OUT","topic":"agv/v2/ZENIXROBOTICS/0000/visualization","payload":{"agvPosition":{"deviationRange":0.0,"localizationScore":0.95,"mapDescription":"","mapId":"default_map","positionInitialized":true,"theta":1.5707963267948966,"x":396.0,"y":451.0},"headerId":2,"manufacturer":"ZenixRobotics","serialNumber":"0000","timestamp":"2025-12-26T06:34:09.488Z","velocity":{"omega":0.0,"vx":0.0,"vy":0.0},"version":"2.1.0"}}
{"timestamp":"2025-12-26T06:34:09.991Z","direction":"OUT","topic":"agv/v2/ZENIXROBOTICS/0000/visualization","payload":{"agvPosition":{"deviationRange":0.0,"localizationScore":0.95,"mapDescription":"","mapId":"default_map","positionInitialized":true,"theta":1.5707963267948966,"x":396.0,"y":451.0},"headerId":3,"manufacturer":"ZenixRobotics","serialNumber":"0000","timestamp":"2025-12-26T06:34:09.991Z","velocity":{"omega":0.0,"vx":0.0,"vy":0.0},"version":"2.1.0"}}
{"timestamp":"2025-12-26T06:34:10.495Z","direction":"OUT","topic":"agv/v2/ZENIXROBOTICS/0000/visualization","payload":{"agvPosition":{"deviationRange":0.0,"localizationScore":0.95,"mapDescription":"","mapId":"default_map","positionInitialized":true,"theta":1.5707963267948966,"x":396.0,"y":451.0},"headerId":4,"manufacturer":"ZenixRobotics","serialNumber":"0000","timestamp":"2025-12-26T06:34:10.495Z","velocity":{"omega":0.0,"vx":0.0,"vy":0.0},"version":"2.1.0"}}
{"timestamp":"2025-12-26T06:34:11.009Z","direction":"OUT","topic":"agv/v2/ZENIXROBOTICS/0000/visualization","payload":{"agvPosition":{"deviationRange":0.0,"localizationScore":0.95,"mapDescription":"","mapId":"default_map","positionInitialized":true,"theta":1.5707963267948966,"x":396.0,"y":451.0},"headerId":5,"manufacturer":"ZenixRobotics","serialNumber":"0000","timestamp":"2025-12-26T06:34:11.009Z","velocity":{"omega":0.0,"vx":0.0,"vy":0.0},"version":"2.1.0"}}
{"timestamp":"2025-12-26T06:34:11.515Z","direction":"OUT","topic":"agv/v2/ZENIXROBOTICS/0000/visualization","payload":{"agvPosition":{"deviationRange":0.0,"localizationScore":0.95,"mapDescription":"","mapId":"default_map","positionInitialized":true,"theta":1.5707963267948966,"x":396.0,"y":451.0},"headerId":6,"manufacturer":"ZenixRobotics","serialNumber":"0000","timestamp":"2025-12-26T06:34:11.515Z","velocity":{"omega":0.0,"vx":0.0,"vy":0.0},"version":"2.1.0"}}
{"timestamp":"2025-12-26T06:34:11.522Z","direction":"IN","topic":"agv/v2/ZENIXROBOTICS/0000/instantActions","payload":{
    "headerId": "factsheet_request_1",
    "timestamp": 1650000000,
    "version": "2.1.0",
    "manufacturer": "FMSManufacturer",
    "serialNumber": "fms_001",
    "instantActions": [
        {
            "actionType": "factsheetRequest",
            "actionId": "req_001"
        }
    ]
}}
{"timestamp":"2025-12-26T06:34:11.851Z","direction":"IN","topic":"agv/v2/ZENIXROBOTICS/0000/instantActions","payload":{
    "actions": [
        {
            "actionId": "FMS_FS_REQ_1",
            "actionType": "factsheetRequest",
            "blockingType": "NONE"
        }
    ],
    "headerId": 1,
    "manufacturer": "ZENIXROBOTICS",
    "serialNumber": "0000",
    "timestamp": "2025-11-04T05:57:00.00Z",
    "version": "2.1.0"
}}
{"timestamp":"2025-12-26T06:34:11.851Z","direction":"OUT","topic":"agv/v2/ZENIXROBOTICS/0000/factsheet","payload":{"agvGeometry":{"envelopes2d":[{"description":"Base footprint","polygonPoints":[{"x":-0.5,"y":-0.4},{"x":0.5,"y":-0.4},{"x":0.5,"y":0.4},{"x":-0.5,"y":0.4}],"set":"default"}],"envelopes3d":[]},"headerId":0,"loadSpecification":{"loadPositions":["top"],"loadSets":[{"boundingBoxReference":{"theta":0,"x":0.0,"y":0.0,"z":0.0},"loadDimensions":{"height":0.15,"length":1.2,"width":0.8},"loadPositions":["top"],"loadType":"EPAL","maxLoadhandlingHeight":1.5,"maxWeight":100.0,"minLoadhandlingHeight":0.0,"setName":"europalette"}]},"manufacturer":"ZenixRobotics","physicalParameters":{"accelerationMax":3.0,"decelerationMax":3.5,"heightMax":4.9,"heightMin":2.6,"length":15.0,"speedMax":7.0,"speedMin":0.6,"width":2.9},"protocolFeatures":{"agvActions":[{"actionDescription":"Pick up a load","actionParameters":[{"description":"Type of station","isOptional":false,"key":"stationType","valueDataType":"STRING"}],"actionScopes":["NODE"],"actionType":"pick","resultDescription":"Load picked successfully"}],"optionalParameters":[{"description":"NURBS trajectory support","parameter":"trajectory","support":"SUPPORTED"}]},"protocolLimits":{"maxArrayLens":{},"maxStringLens":{"enumLen":256,"idLen":256,"idNumericalOnly":false,"loadIdLen":256,"msgLen":10000,"topicElemLen":256,"topicSerialLen":256},"timing":{"defaultStateInterval":30.0,"minOrderInterval":1.0,"minStateInterval":1.0,"visualizationInterval":0.1}},"serialNumber":"0000","timestamp":"2025-12-26T06:34:11.851Z","typeSpecification":{"agvClass":"CARRIER","agvKinematic":"OMNI","localizationTypes":["RFID"],"maxLoadMass":100.0,"navigationTypes":["AUTONOMOUS"],"seriesDescription":"Zenix Autonomous Mobile Robot Series","seriesName":"ZenixAMR"},"version":"2.1.0"}}
{"timestamp":"2025-12-26T06:34:11.891Z","direction":"IN","topic":"agv/v2/ZENIXROBOTICS/0000/order","payload":{
  "headerId" : 0,
  "timestamp" : "2025-12-22T06:19:00.417447300Z",
  "version" : "2.0.0",
  "manufacturer" : "ZENIXROBOTICS",
  "serialNumber" : "0000",
  "orderId" : "53adc4cb-7a9b-4b74-85ae-b975009c7c5d-0",
  "orderUpdateId" : 0,
  "nodes" : [ {
    "nodeId" : "PW1001_REAR",
    "sequenceId" : 0,
    "released" : true,
    "actions" : [ ],
    "nodePosition" : {
      "x" : 396.0,
      "y" : 451.0,
      "mapId" : "default_map",
      "theta" : 1.5707963267948966,
      "allowedDeviationXY" : 1.0,
      "allowedDeviationTheta" : 3.141592653589793
    }
  }, {
    "nodeId" : "PW1001_subE_REAR",
    "sequenceId" : 2,
    "released" : true,
    "actions" : [ ],
    "nodePosition" : {
      "x" : 396.0,
      "y" : 469.0,
      "mapId" : "default_map",
      "theta" : 1.5707963267948966,
      "allowedDeviationXY" : 1.0,
      "allowedDeviationTheta" : 0.17453292519943295
    }
  }, {
    "nodeId" : "PPB023_REAR",
    "sequenceId" : 4,
    "released" : false,
    "actions" : [ ],
    "nodePosition" : {
      "x" : 396.0,
      "y" : 519.5,
      "mapId" : "default_map",
      "theta" : 1.5707963267948966,
      "allowedDeviationXY" : 1.0,
      "allowedDeviationTheta" : 0.17453292519943295
    }
  } ],
  "edges" : [ {
    "edgeId" : "PW1001_REAR --- PW1001_subE_REAR",
    "sequenceId" : 1,
    "released" : true,
    "startNodeId" : "PW1001_REAR",
    "endNodeId" : "PW1001_subE_REAR",
    "actions" : [ ],
    "maxSpeed" : 2.0
  }, {
    "edgeId" : "PW1001_subE_REAR --- PPB023_REAR",
    "sequenceId" : 3,
    "released" : false,
    "startNodeId" : "PW1001_subE_REAR",
    "endNodeId" : "PPB023_REAR",
    "actions" : [ ],
    "maxSpeed" : 1.0
  } ]
}}
{"timestamp":"2025-12-26T06:34:11.891Z","direction":"OUT","topic":"agv/v2/ZENIXROBOTICS/0000/state","payload":{"actionStates":[],"agvPosition":{"deviationRange":0.0,"localizationScore":0.95,"mapDescription":"","mapId":"default_map","positionInitialized":true,"theta":1.5707963267948966,"x":396.0,"y":451.0},"batteryState":{"batteryCharge":99.99661999999893,"batteryHealth":100.0,"batteryVoltage":0.0,"charging":false,"reach":0.0},"distanceSinceLastNode":0.0,"driving":false,"edgeStates":[{"edgeId":"PW1001_REAR --- PW1001_subE_REAR","released":true,"sequenceId":1},{"edgeId":"PW1001_subE_REAR --- PPB023_REAR","released":false,"sequenceId":3}],"errors":[],"headerId":1,"information":[],"lastNodeId":"PW1001_REAR","lastNodeSequenceId":0,"loads":[],"manufacturer":"ZenixRobotics","newBaseRequest":false,"nodeStates":[{"nodeId":"PW1001_subE_REAR","nodePosition":{"mapId":"default_map","theta":1.5707963267948966,"x":396.0,"y":469.0},"released":true,"sequenceId":2},{"nodeId":"PPB023_REAR","nodePosition":{"mapId":"default_map","theta":1.5707963267948966,"x":396.0,"y":519.5},"released":false,"sequenceId":4}],"operatingMode":"AUTOMATIC","orderId":"53adc4cb-7a9b-4b74-85ae-b975009c7c5d-0","orderUpdateId":0,"paused":false,"safetyState":{"eStop":"NONE","fieldViolation":false},"serialNumber":"0000","timestamp":"2025-12-26T06:34:11.891Z","velocity":{"omega":0.0,"vx":0.0,"vy":0.0},"version":"2.1.0"}}
{"timestamp":"2025-12-26T06:34:12.020Z","direction":"OUT","topic":"agv/v2/ZENIXROBOTICS/0000/visualization","payload":{"agvPosition":{"deviationRange":0.0,"localizationScore":0.95,"mapDescription":"","mapId":"default_map","positionInitialized":true,"theta":1.5707963267948966,"x":396.0,"y":451.02340000000004},"headerId":7,"manufacturer":"ZenixRobotics","serialNumber":"0000","timestamp":"2025-12-26T06:34:12.020Z","velocity":{"omega":0.0,"vx":0.3900000000000001,"vy":0.0},"version":"2.1.0"}}
{"timestamp":"2025-12-26T06:34:12.525Z","direction":"OUT","topic":"agv/v2/ZENIXROBOTICS/0000/visualization","payload":{"agvPosition":{"deviationRange":0.0,"localizationScore":0.95,"mapDescription":"","mapId":"default_map","positionInitialized":true,"theta":1.5707963267948966,"x":396.0,"y":451.58590000000004},"headerId":8,"manufacturer":"ZenixRobotics","serialNumber":"0000","timestamp":"2025-12-26T06:34:12.525Z","velocity":{"omega":0.0,"vx":1.8900000000000015,"vy":0.0},"version":"2.1.0"}}
{"timestamp":"2025-12-26T06:34:13.028Z","direction":"OUT","topic":"agv/v2/ZENIXROBOTICS/0000/visualization","payload":{"agvPosition":{"deviationRange":0.0,"localizationScore":0.95,"mapDescription":"","mapId":"default_map","positionInitialized":true,"theta":1.5707963267948966,"x":396.0,"y":452.58329999999916},"headerId":9,"manufacturer":"ZenixRobotics","serialNumber":"0000","timestamp":"2025-12-26T06:34:13.028Z","velocity":{"omega":0.0,"vx":2.0,"vy":0.0},"version":"2.1.0"}}
{"timestamp":"2025-12-26T06:34:13.533Z","direction":"OUT","topic":"agv/v2/ZENIXROBOTICS/0000/visualization","payload":{"agvPosition":{"deviationRange":0.0,"localizationScore":0.95,"mapDescription":"","mapId":"default_map","positionInitialized":true,"theta":1.5707963267948966,"x":396.0,"y":453.58329999999825},"headerId":10,"manufacturer":"ZenixRobotics","serialNumber":"0000","timestamp":"2025-12-26T06:34:13.533Z","velocity":{"omega":0.0,"vx":2.0,"vy":0.0},"version":"2.1.0"}}
{"timestamp":"2025-12-26T06:34:14.038Z","direction":"OUT","topic":"agv/v2/ZENIXROBOTICS/0000/visualization","payload":{"agvPosition":{"deviationRange":0.0,"localizationScore":0.95,"mapDescription":"","mapId":"default_map","positionInitialized":true,"theta":1.5707963267948966,"x":396.0,"y":454.58329999999734},"headerId":11,"manufacturer":"ZenixRobotics","serialNumber":"0000","timestamp":"2025-12-26T06:34:14.038Z","velocity":{"omega":0.0,"vx":2.0,"vy":0.0},"version":"2.1.0"}}
{"timestamp":"2025-12-26T06:34:14.544Z","direction":"OUT","topic":"agv/v2/ZENIXROBOTICS/0000/visualization","payload":{"agvPosition":{"deviationRange":0.0,"localizationScore":0.95,"mapDescription":"","mapId":"default_map","positionInitialized":true,"theta":1.5707963267948966,"x":396.0,"y":455.5832999999964},"headerId":12,"manufacturer":"ZenixRobotics","serialNumber":"0000","timestamp":"2025-12-26T06:34:14.544Z","velocity":{"omega":0.0,"vx":2.0,"vy":0.0},"version":"2.1.0"}}
{"timestamp":"2025-12-26T06:34:15.047Z","direction":"OUT","topic":"agv/v2/ZENIXROBOTICS/0000/visualization","payload":{"agvPosition":{"deviationRange":0.0,"localizationScore":0.95,"mapDescription":"","mapId":"default_map","positionInitialized":true,"theta":1.5707963267948966,"x":396.0,"y":456.5832999999955},"headerId":13,"manufacturer":"ZenixRobotics","serialNumber":"0000","timestamp":"2025-12-26T06:34:15.047Z","velocity":{"omega":0.0,"vx":2.0,"vy":0.0},"version":"2.1.0"}}
{"timestamp":"2025-12-26T06:34:15.550Z","direction":"OUT","topic":"agv/v2/ZENIXROBOTICS/0000/visualization","payload":{"agvPosition":{"deviationRange":0.0,"localizationScore":0.95,"mapDescription":"","mapId":"default_map","positionInitialized":true,"theta":1.5707963267948966,"x":396.0,"y":457.5832999999946},"headerId":14,"manufacturer":"ZenixRobotics","serialNumber":"0000","timestamp":"2025-12-26T06:34:15.550Z","velocity":{"omega":0.0,"vx":2.0,"vy":0.0},"version":"2.1.0"}}
{"timestamp":"2025-12-26T06:34:16.053Z","direction":"OUT","topic":"agv/v2/ZENIXROBOTICS/0000/visualization","payload":{"agvPosition":{"deviationRange":0.0,"localizationScore":0.95,"mapDescription":"","mapId":"default_map","positionInitialized":true,"theta":1.5707963267948966,"x":396.0,"y":458.5832999999937},"headerId":15,"manufacturer":"ZenixRobotics","serialNumber":"0000","timestamp":"2025-12-26T06:34:16.053Z","velocity":{"omega":0.0,"vx":2.0,"vy":0.0},"version":"2.1.0"}}
{"timestamp":"2025-12-26T06:34:16.555Z","direction":"OUT","topic":"agv/v2/ZENIXROBOTICS/0000/visualization","payload":{"agvPosition":{"deviationRange":0.0,"localizationScore":0.95,"mapDescription":"","mapId":"default_map","positionInitialized":true,"theta":1.5707963267948966,"x":396.0,"y":459.5832999999928},"headerId":16,"manufacturer":"ZenixRobotics","serialNumber":"0000","timestamp":"2025-12-26T06:34:16.555Z","velocity":{"omega":0.0,"vx":2.0,"vy":0.0},"version":"2.1.0"}}
{"timestamp":"2025-12-26T06:34:17.058Z","direction":"OUT","topic":"agv/v2/ZENIXROBOTICS/0000/visualization","payload":{"agvPosition":{"deviationRange":0.0,"localizationScore":0.95,"mapDescription":"","mapId":"default_map","positionInitialized":true,"theta":1.5707963267948966,"x":396.0,"y":460.5832999999919},"headerId":17,"manufacturer":"ZenixRobotics","serialNumber":"0000","timestamp":"2025-12-26T06:34:17.058Z","velocity":{"omega":0.0,"vx":2.0,"vy":0.0},"version":"2.1.0"}}
{"timestamp":"2025-12-26T06:34:17.561Z","direction":"OUT","topic":"agv/v2/ZENIXROBOTICS/0000/visualization","payload":{"agvPosition":{"deviationRange":0.0,"localizationScore":0.95,"mapDescription":"","mapId":"default_map","positionInitialized":true,"theta":1.5707963267948966,"x":396.0,"y":461.58329999999097},"headerId":18,"manufacturer":"ZenixRobotics","serialNumber":"0000","timestamp":"2025-12-26T06:34:17.561Z","velocity":{"omega":0.0,"vx":2.0,"vy":0.0},"version":"2.1.0"}}
